<?xml version="1.0" encoding="UTF-8"?>
<testng-results ignored="0" total="1" passed="1" failed="0" skipped="0">
  <reporter-output>
  </reporter-output>
  <suite started-at="2026-08-22T15:39:22 IST" name="Default suite" finished-at="2026-08-22T15:39:29 IST" duration-ms="7373">
    <groups>
    </groups>
    <test started-at="2026-08-22T15:39:22 IST" name="Default test" finished-at="2026-08-22T15:39:29 IST" duration-ms="7373">
      <class name="com.api.tests.MatetAPITest">
        <test-method signature="MasterApiTest()[pri:0, instance:com.api.tests.MatetAPITest@5824a83d]" started-at="2026-08-22T15:39:22 IST" name="MasterApiTest" finished-at="2026-08-22T15:39:29 IST" duration-ms="7307" status="PASS">
          <reporter-output>
          </reporter-output>
        </test-method> <!-- MasterApiTest -->
      </class> <!-- com.api.tests.MatetAPITest -->
    </test> <!-- Default test -->
  </suite> <!-- Default suite -->
</testng-results>
